[2022-05-19 16:31:11,311] multiqc                                            [DEBUG  ]  This is MultiQC v1.12
[2022-05-19 16:31:11,311] multiqc                                            [DEBUG  ]  No MultiQC config found: /storage/coda1/p-yfan32/0/abangaru3/.conda/envs/my_base/envs/assembly/lib/python3.10/site-packages/multiqc_config.yaml
[2022-05-19 16:31:11,311] multiqc                                            [DEBUG  ]  No MultiQC config found: /storage/home/hcoda1/3/abangaru3/.multiqc_config.yaml
[2022-05-19 16:31:11,311] multiqc                                            [DEBUG  ]  No MultiQC config found: multiqc_config.yaml
[2022-05-19 16:31:11,311] multiqc                                            [DEBUG  ]  Command used: /storage/home/hcoda1/3/abangaru3/.conda/envs/my_base/envs/assembly/bin/multiqc ./fastqc/raw/ -o ./fastqc/raw/
[2022-05-19 16:31:12,524] multiqc                                            [DEBUG  ]  Latest MultiQC version is v1.12
[2022-05-19 16:31:12,524] multiqc                                            [DEBUG  ]  Command     : /storage/home/hcoda1/3/abangaru3/.conda/envs/my_base/envs/assembly/bin/multiqc ./fastqc/raw/ -o ./fastqc/raw/
[2022-05-19 16:31:12,524] multiqc                                            [DEBUG  ]  Working dir : /storage/coda1/p-yfan32/0/abangaru3/cssq/fanLab-DB-H3K4Me3-H1_TKOvsWT-ESC-CSSQ
[2022-05-19 16:31:12,524] multiqc                                            [DEBUG  ]  Template    : default
[2022-05-19 16:31:12,524] multiqc                                            [DEBUG  ]  Running Python 3.10.4 | packaged by conda-forge | (main, Mar 24 2022, 17:39:04) [GCC 10.3.0]
[2022-05-19 16:31:12,524] multiqc                                            [DEBUG  ]  Analysing modules: custom_content, ccs, ngsderive, purple, conpair, lima, peddy, somalier, methylQA, mosdepth, phantompeakqualtools, qualimap, preseq, quast, qorts, rna_seqc, rockhopper, rsem, rseqc, busco, bustools, goleft_indexcov, gffcompare, disambiguate, supernova, deeptools, sargasso, verifybamid, mirtrace, happy, mirtop, sambamba, homer, hops, macs2, theta2, snpeff, gatk, htseq, bcftools, featureCounts, fgbio, dragen, dedup, pbmarkdup, damageprofiler, biobambam2, jcvi, mtnucratio, picard, vep, sentieon, prokka, qc3C, nanostat, samblaster, samtools, sexdeterrmine, eigenstratdatabasetools, bamtools, jellyfish, vcftools, longranger, stacks, varscan2, snippy, bbmap, bismark, biscuit, hicexplorer, hicup, hicpro, salmon, kallisto, slamdunk, star, hisat2, tophat, bowtie2, bowtie1, snpsplit, odgi, pangolin, kat, leehom, adapterRemoval, clipandmerge, cutadapt, flexbar, kaiju, kraken, malt, trimmomatic, sickle, skewer, sortmerna, biobloomtools, fastq_screen, afterqc, fastp, fastqc, pychopper, pycoqc, minionqc, multivcfanalyzer, clusterflow, checkqc, bcl2fastq, bclconvert, interop, ivar, flash, seqyclean, optitype, whatshap
[2022-05-19 16:31:12,524] multiqc                                            [DEBUG  ]  Using temporary directory for creating report: /scratch/4530557.sched-torque.pace.gatech.edu/tmp4tfvh2lm
[2022-05-19 16:31:14,149] multiqc                                            [INFO   ]  Search path : /storage/coda1/p-yfan32/0/abangaru3/cssq/fanLab-DB-H3K4Me3-H1_TKOvsWT-ESC-CSSQ/fastqc/raw
[2022-05-19 16:31:14,208] multiqc                                            [DEBUG  ]  File ignored by ccs/v4 because it exceeded search pattern filesize limit: SRR2961601_fastqc.html
[2022-05-19 16:31:14,213] multiqc                                            [DEBUG  ]  File ignored by hicexplorer because it exceeded search pattern filesize limit: SRR2961601_fastqc.html
[2022-05-19 16:31:14,214] multiqc                                            [DEBUG  ]  File ignored by lima/summary because it exceeded search pattern filesize limit: SRR2961601_fastqc.html
[2022-05-19 16:31:14,223] multiqc                                            [DEBUG  ]  File ignored by vep/vep_txt because it exceeded search pattern filesize limit: SRR2961601_fastqc.html
[2022-05-19 16:31:14,223] multiqc                                            [DEBUG  ]  File ignored by longranger/invocation because it exceeded search pattern filesize limit: SRR2961601_fastqc.html
[2022-05-19 16:31:14,223] multiqc                                            [DEBUG  ]  File ignored by rockhopper because it exceeded search pattern filesize limit: SRR2961601_fastqc.html
[2022-05-19 16:31:14,223] multiqc                                            [DEBUG  ]  File ignored by rseqc/bam_stat because it exceeded search pattern filesize limit: SRR2961601_fastqc.html
[2022-05-19 16:31:14,223] multiqc                                            [DEBUG  ]  File ignored by rseqc/junction_annotation because it exceeded search pattern filesize limit: SRR2961601_fastqc.html
[2022-05-19 16:31:14,223] multiqc                                            [DEBUG  ]  File ignored by rseqc/read_distribution because it exceeded search pattern filesize limit: SRR2961601_fastqc.html
[2022-05-19 16:31:14,224] multiqc                                            [DEBUG  ]  File ignored by rseqc/infer_experiment because it exceeded search pattern filesize limit: SRR2961601_fastqc.html
[2022-05-19 16:31:14,325] multiqc                                            [DEBUG  ]  File ignored by nanostat because it exceeded search pattern filesize limit: SRR2961601_fastqc.html
[2022-05-19 16:31:14,394] multiqc                                            [DEBUG  ]  File ignored by ccs/v4 because it exceeded search pattern filesize limit: SRR2961594_fastqc.html
[2022-05-19 16:31:14,398] multiqc                                            [DEBUG  ]  File ignored by hicexplorer because it exceeded search pattern filesize limit: SRR2961594_fastqc.html
[2022-05-19 16:31:14,398] multiqc                                            [DEBUG  ]  File ignored by lima/summary because it exceeded search pattern filesize limit: SRR2961594_fastqc.html
[2022-05-19 16:31:14,406] multiqc                                            [DEBUG  ]  File ignored by vep/vep_txt because it exceeded search pattern filesize limit: SRR2961594_fastqc.html
[2022-05-19 16:31:14,406] multiqc                                            [DEBUG  ]  File ignored by longranger/invocation because it exceeded search pattern filesize limit: SRR2961594_fastqc.html
[2022-05-19 16:31:14,407] multiqc                                            [DEBUG  ]  File ignored by rockhopper because it exceeded search pattern filesize limit: SRR2961594_fastqc.html
[2022-05-19 16:31:14,407] multiqc                                            [DEBUG  ]  File ignored by rseqc/bam_stat because it exceeded search pattern filesize limit: SRR2961594_fastqc.html
[2022-05-19 16:31:14,407] multiqc                                            [DEBUG  ]  File ignored by rseqc/junction_annotation because it exceeded search pattern filesize limit: SRR2961594_fastqc.html
[2022-05-19 16:31:14,407] multiqc                                            [DEBUG  ]  File ignored by rseqc/read_distribution because it exceeded search pattern filesize limit: SRR2961594_fastqc.html
[2022-05-19 16:31:14,407] multiqc                                            [DEBUG  ]  File ignored by rseqc/infer_experiment because it exceeded search pattern filesize limit: SRR2961594_fastqc.html
[2022-05-19 16:31:14,538] multiqc                                            [DEBUG  ]  File ignored by nanostat because it exceeded search pattern filesize limit: SRR2961594_fastqc.html
[2022-05-19 16:31:14,578] multiqc                                            [DEBUG  ]  File ignored by ccs/v4 because it exceeded search pattern filesize limit: SRR2961593_fastqc.html
[2022-05-19 16:31:14,582] multiqc                                            [DEBUG  ]  File ignored by hicexplorer because it exceeded search pattern filesize limit: SRR2961593_fastqc.html
[2022-05-19 16:31:14,583] multiqc                                            [DEBUG  ]  File ignored by lima/summary because it exceeded search pattern filesize limit: SRR2961593_fastqc.html
[2022-05-19 16:31:14,590] multiqc                                            [DEBUG  ]  File ignored by vep/vep_txt because it exceeded search pattern filesize limit: SRR2961593_fastqc.html
[2022-05-19 16:31:14,591] multiqc                                            [DEBUG  ]  File ignored by longranger/invocation because it exceeded search pattern filesize limit: SRR2961593_fastqc.html
[2022-05-19 16:31:14,591] multiqc                                            [DEBUG  ]  File ignored by rockhopper because it exceeded search pattern filesize limit: SRR2961593_fastqc.html
[2022-05-19 16:31:14,591] multiqc                                            [DEBUG  ]  File ignored by rseqc/bam_stat because it exceeded search pattern filesize limit: SRR2961593_fastqc.html
[2022-05-19 16:31:14,591] multiqc                                            [DEBUG  ]  File ignored by rseqc/junction_annotation because it exceeded search pattern filesize limit: SRR2961593_fastqc.html
[2022-05-19 16:31:14,591] multiqc                                            [DEBUG  ]  File ignored by rseqc/read_distribution because it exceeded search pattern filesize limit: SRR2961593_fastqc.html
[2022-05-19 16:31:14,591] multiqc                                            [DEBUG  ]  File ignored by rseqc/infer_experiment because it exceeded search pattern filesize limit: SRR2961593_fastqc.html
[2022-05-19 16:31:14,682] multiqc                                            [DEBUG  ]  File ignored by nanostat because it exceeded search pattern filesize limit: SRR2961593_fastqc.html
[2022-05-19 16:31:14,773] multiqc                                            [DEBUG  ]  File ignored by ccs/v4 because it exceeded search pattern filesize limit: SRR2961599_fastqc.html
[2022-05-19 16:31:14,778] multiqc                                            [DEBUG  ]  File ignored by hicexplorer because it exceeded search pattern filesize limit: SRR2961599_fastqc.html
[2022-05-19 16:31:14,778] multiqc                                            [DEBUG  ]  File ignored by lima/summary because it exceeded search pattern filesize limit: SRR2961599_fastqc.html
[2022-05-19 16:31:14,786] multiqc                                            [DEBUG  ]  File ignored by vep/vep_txt because it exceeded search pattern filesize limit: SRR2961599_fastqc.html
[2022-05-19 16:31:14,786] multiqc                                            [DEBUG  ]  File ignored by longranger/invocation because it exceeded search pattern filesize limit: SRR2961599_fastqc.html
[2022-05-19 16:31:14,786] multiqc                                            [DEBUG  ]  File ignored by rockhopper because it exceeded search pattern filesize limit: SRR2961599_fastqc.html
[2022-05-19 16:31:14,786] multiqc                                            [DEBUG  ]  File ignored by rseqc/bam_stat because it exceeded search pattern filesize limit: SRR2961599_fastqc.html
[2022-05-19 16:31:14,786] multiqc                                            [DEBUG  ]  File ignored by rseqc/junction_annotation because it exceeded search pattern filesize limit: SRR2961599_fastqc.html
[2022-05-19 16:31:14,787] multiqc                                            [DEBUG  ]  File ignored by rseqc/read_distribution because it exceeded search pattern filesize limit: SRR2961599_fastqc.html
[2022-05-19 16:31:14,787] multiqc                                            [DEBUG  ]  File ignored by rseqc/infer_experiment because it exceeded search pattern filesize limit: SRR2961599_fastqc.html
[2022-05-19 16:31:14,887] multiqc                                            [DEBUG  ]  File ignored by nanostat because it exceeded search pattern filesize limit: SRR2961599_fastqc.html
[2022-05-19 16:31:14,945] multiqc                                            [DEBUG  ]  File ignored by ccs/v4 because it exceeded search pattern filesize limit: SRR2961600_fastqc.html
[2022-05-19 16:31:14,950] multiqc                                            [DEBUG  ]  File ignored by hicexplorer because it exceeded search pattern filesize limit: SRR2961600_fastqc.html
[2022-05-19 16:31:14,950] multiqc                                            [DEBUG  ]  File ignored by lima/summary because it exceeded search pattern filesize limit: SRR2961600_fastqc.html
[2022-05-19 16:31:14,958] multiqc                                            [DEBUG  ]  File ignored by vep/vep_txt because it exceeded search pattern filesize limit: SRR2961600_fastqc.html
[2022-05-19 16:31:14,958] multiqc                                            [DEBUG  ]  File ignored by longranger/invocation because it exceeded search pattern filesize limit: SRR2961600_fastqc.html
[2022-05-19 16:31:14,958] multiqc                                            [DEBUG  ]  File ignored by rockhopper because it exceeded search pattern filesize limit: SRR2961600_fastqc.html
[2022-05-19 16:31:14,958] multiqc                                            [DEBUG  ]  File ignored by rseqc/bam_stat because it exceeded search pattern filesize limit: SRR2961600_fastqc.html
[2022-05-19 16:31:14,958] multiqc                                            [DEBUG  ]  File ignored by rseqc/junction_annotation because it exceeded search pattern filesize limit: SRR2961600_fastqc.html
[2022-05-19 16:31:14,958] multiqc                                            [DEBUG  ]  File ignored by rseqc/read_distribution because it exceeded search pattern filesize limit: SRR2961600_fastqc.html
[2022-05-19 16:31:14,959] multiqc                                            [DEBUG  ]  File ignored by rseqc/infer_experiment because it exceeded search pattern filesize limit: SRR2961600_fastqc.html
[2022-05-19 16:31:15,056] multiqc                                            [DEBUG  ]  File ignored by nanostat because it exceeded search pattern filesize limit: SRR2961600_fastqc.html
[2022-05-19 16:31:15,145] multiqc                                            [DEBUG  ]  File ignored by ccs/v4 because it exceeded search pattern filesize limit: SRR2961598_fastqc.html
[2022-05-19 16:31:15,149] multiqc                                            [DEBUG  ]  File ignored by hicexplorer because it exceeded search pattern filesize limit: SRR2961598_fastqc.html
[2022-05-19 16:31:15,150] multiqc                                            [DEBUG  ]  File ignored by lima/summary because it exceeded search pattern filesize limit: SRR2961598_fastqc.html
[2022-05-19 16:31:15,158] multiqc                                            [DEBUG  ]  File ignored by vep/vep_txt because it exceeded search pattern filesize limit: SRR2961598_fastqc.html
[2022-05-19 16:31:15,158] multiqc                                            [DEBUG  ]  File ignored by longranger/invocation because it exceeded search pattern filesize limit: SRR2961598_fastqc.html
[2022-05-19 16:31:15,158] multiqc                                            [DEBUG  ]  File ignored by rockhopper because it exceeded search pattern filesize limit: SRR2961598_fastqc.html
[2022-05-19 16:31:15,158] multiqc                                            [DEBUG  ]  File ignored by rseqc/bam_stat because it exceeded search pattern filesize limit: SRR2961598_fastqc.html
[2022-05-19 16:31:15,158] multiqc                                            [DEBUG  ]  File ignored by rseqc/junction_annotation because it exceeded search pattern filesize limit: SRR2961598_fastqc.html
[2022-05-19 16:31:15,158] multiqc                                            [DEBUG  ]  File ignored by rseqc/read_distribution because it exceeded search pattern filesize limit: SRR2961598_fastqc.html
[2022-05-19 16:31:15,158] multiqc                                            [DEBUG  ]  File ignored by rseqc/infer_experiment because it exceeded search pattern filesize limit: SRR2961598_fastqc.html
[2022-05-19 16:31:15,248] multiqc                                            [DEBUG  ]  File ignored by nanostat because it exceeded search pattern filesize limit: SRR2961598_fastqc.html
[2022-05-19 16:31:15,307] multiqc                                            [DEBUG  ]  File ignored by ccs/v4 because it exceeded search pattern filesize limit: SRR2961602_fastqc.html
[2022-05-19 16:31:15,312] multiqc                                            [DEBUG  ]  File ignored by hicexplorer because it exceeded search pattern filesize limit: SRR2961602_fastqc.html
[2022-05-19 16:31:15,312] multiqc                                            [DEBUG  ]  File ignored by lima/summary because it exceeded search pattern filesize limit: SRR2961602_fastqc.html
[2022-05-19 16:31:15,320] multiqc                                            [DEBUG  ]  File ignored by vep/vep_txt because it exceeded search pattern filesize limit: SRR2961602_fastqc.html
[2022-05-19 16:31:15,320] multiqc                                            [DEBUG  ]  File ignored by longranger/invocation because it exceeded search pattern filesize limit: SRR2961602_fastqc.html
[2022-05-19 16:31:15,320] multiqc                                            [DEBUG  ]  File ignored by rockhopper because it exceeded search pattern filesize limit: SRR2961602_fastqc.html
[2022-05-19 16:31:15,320] multiqc                                            [DEBUG  ]  File ignored by rseqc/bam_stat because it exceeded search pattern filesize limit: SRR2961602_fastqc.html
[2022-05-19 16:31:15,320] multiqc                                            [DEBUG  ]  File ignored by rseqc/junction_annotation because it exceeded search pattern filesize limit: SRR2961602_fastqc.html
[2022-05-19 16:31:15,321] multiqc                                            [DEBUG  ]  File ignored by rseqc/read_distribution because it exceeded search pattern filesize limit: SRR2961602_fastqc.html
[2022-05-19 16:31:15,321] multiqc                                            [DEBUG  ]  File ignored by rseqc/infer_experiment because it exceeded search pattern filesize limit: SRR2961602_fastqc.html
[2022-05-19 16:31:15,417] multiqc                                            [DEBUG  ]  File ignored by nanostat because it exceeded search pattern filesize limit: SRR2961602_fastqc.html
[2022-05-19 16:31:15,460] multiqc                                            [DEBUG  ]  File ignored by ccs/v4 because it exceeded search pattern filesize limit: SRR2961597_fastqc.html
[2022-05-19 16:31:15,464] multiqc                                            [DEBUG  ]  File ignored by hicexplorer because it exceeded search pattern filesize limit: SRR2961597_fastqc.html
[2022-05-19 16:31:15,465] multiqc                                            [DEBUG  ]  File ignored by lima/summary because it exceeded search pattern filesize limit: SRR2961597_fastqc.html
[2022-05-19 16:31:15,473] multiqc                                            [DEBUG  ]  File ignored by vep/vep_txt because it exceeded search pattern filesize limit: SRR2961597_fastqc.html
[2022-05-19 16:31:15,473] multiqc                                            [DEBUG  ]  File ignored by longranger/invocation because it exceeded search pattern filesize limit: SRR2961597_fastqc.html
[2022-05-19 16:31:15,473] multiqc                                            [DEBUG  ]  File ignored by rockhopper because it exceeded search pattern filesize limit: SRR2961597_fastqc.html
[2022-05-19 16:31:15,473] multiqc                                            [DEBUG  ]  File ignored by rseqc/bam_stat because it exceeded search pattern filesize limit: SRR2961597_fastqc.html
[2022-05-19 16:31:15,473] multiqc                                            [DEBUG  ]  File ignored by rseqc/junction_annotation because it exceeded search pattern filesize limit: SRR2961597_fastqc.html
[2022-05-19 16:31:15,473] multiqc                                            [DEBUG  ]  File ignored by rseqc/read_distribution because it exceeded search pattern filesize limit: SRR2961597_fastqc.html
[2022-05-19 16:31:15,473] multiqc                                            [DEBUG  ]  File ignored by rseqc/infer_experiment because it exceeded search pattern filesize limit: SRR2961597_fastqc.html
[2022-05-19 16:31:15,563] multiqc                                            [DEBUG  ]  File ignored by nanostat because it exceeded search pattern filesize limit: SRR2961597_fastqc.html
[2022-05-19 16:31:21,416] multiqc.plots.linegraph                            [DEBUG  ]  Using matplotlib version 3.5.2
[2022-05-19 16:31:21,441] multiqc.plots.bargraph                             [DEBUG  ]  Using matplotlib version 3.5.2
[2022-05-19 16:31:22,423] multiqc.modules.fastqc.fastqc                      [INFO   ]  Found 8 reports
[2022-05-19 16:31:22,562] multiqc                                            [INFO   ]  Compressing plot data
[2022-05-19 16:31:22,686] multiqc                                            [INFO   ]  Report      : fastqc/raw/multiqc_report.html
[2022-05-19 16:31:22,686] multiqc                                            [INFO   ]  Data        : fastqc/raw/multiqc_data
[2022-05-19 16:31:22,686] multiqc                                            [DEBUG  ]  Moving data file from '/scratch/4530557.sched-torque.pace.gatech.edu/tmp4tfvh2lm/multiqc_data' to './fastqc/raw/multiqc_data'
[2022-05-19 16:31:23,512] multiqc                                            [INFO   ]  MultiQC complete
