[2022-05-19 14:24:42,502] multiqc                                            [DEBUG  ]  This is MultiQC v1.12
[2022-05-19 14:24:42,502] multiqc                                            [DEBUG  ]  No MultiQC config found: /storage/coda1/p-yfan32/0/abangaru3/.conda/envs/my_base/envs/assembly/lib/python3.10/site-packages/multiqc_config.yaml
[2022-05-19 14:24:42,503] multiqc                                            [DEBUG  ]  No MultiQC config found: /storage/home/hcoda1/3/abangaru3/.multiqc_config.yaml
[2022-05-19 14:24:42,503] multiqc                                            [DEBUG  ]  No MultiQC config found: multiqc_config.yaml
[2022-05-19 14:24:42,503] multiqc                                            [DEBUG  ]  Command used: /storage/home/hcoda1/3/abangaru3/.conda/envs/my_base/envs/assembly/bin/multiqc ./fastqc/ -o ./fastqc/
[2022-05-19 14:24:43,717] multiqc                                            [DEBUG  ]  Latest MultiQC version is v1.12
[2022-05-19 14:24:43,717] multiqc                                            [DEBUG  ]  Command     : /storage/home/hcoda1/3/abangaru3/.conda/envs/my_base/envs/assembly/bin/multiqc ./fastqc/ -o ./fastqc/
[2022-05-19 14:24:43,717] multiqc                                            [DEBUG  ]  Working dir : /storage/coda1/p-yfan32/0/abangaru3/cssq/fanLab-DB-H3K4Me3-H1_TKOvsWT-ESC-CSSQ
[2022-05-19 14:24:43,717] multiqc                                            [DEBUG  ]  Template    : default
[2022-05-19 14:24:43,717] multiqc                                            [DEBUG  ]  Running Python 3.10.4 | packaged by conda-forge | (main, Mar 24 2022, 17:39:04) [GCC 10.3.0]
[2022-05-19 14:24:43,718] multiqc                                            [DEBUG  ]  Analysing modules: custom_content, ccs, ngsderive, purple, conpair, lima, peddy, somalier, methylQA, mosdepth, phantompeakqualtools, qualimap, preseq, quast, qorts, rna_seqc, rockhopper, rsem, rseqc, busco, bustools, goleft_indexcov, gffcompare, disambiguate, supernova, deeptools, sargasso, verifybamid, mirtrace, happy, mirtop, sambamba, homer, hops, macs2, theta2, snpeff, gatk, htseq, bcftools, featureCounts, fgbio, dragen, dedup, pbmarkdup, damageprofiler, biobambam2, jcvi, mtnucratio, picard, vep, sentieon, prokka, qc3C, nanostat, samblaster, samtools, sexdeterrmine, eigenstratdatabasetools, bamtools, jellyfish, vcftools, longranger, stacks, varscan2, snippy, bbmap, bismark, biscuit, hicexplorer, hicup, hicpro, salmon, kallisto, slamdunk, star, hisat2, tophat, bowtie2, bowtie1, snpsplit, odgi, pangolin, kat, leehom, adapterRemoval, clipandmerge, cutadapt, flexbar, kaiju, kraken, malt, trimmomatic, sickle, skewer, sortmerna, biobloomtools, fastq_screen, afterqc, fastp, fastqc, pychopper, pycoqc, minionqc, multivcfanalyzer, clusterflow, checkqc, bcl2fastq, bclconvert, interop, ivar, flash, seqyclean, optitype, whatshap
[2022-05-19 14:24:43,718] multiqc                                            [DEBUG  ]  Using temporary directory for creating report: /scratch/4530557.sched-torque.pace.gatech.edu/tmpk5zput3y
[2022-05-19 14:24:44,336] multiqc                                            [INFO   ]  Search path : /storage/coda1/p-yfan32/0/abangaru3/cssq/fanLab-DB-H3K4Me3-H1_TKOvsWT-ESC-CSSQ/fastqc
[2022-05-19 14:24:44,375] multiqc                                            [DEBUG  ]  File ignored by ccs/v4 because it exceeded search pattern filesize limit: SRR2961601_fastqc.html
[2022-05-19 14:24:44,379] multiqc                                            [DEBUG  ]  File ignored by hicexplorer because it exceeded search pattern filesize limit: SRR2961601_fastqc.html
[2022-05-19 14:24:44,380] multiqc                                            [DEBUG  ]  File ignored by lima/summary because it exceeded search pattern filesize limit: SRR2961601_fastqc.html
[2022-05-19 14:24:44,389] multiqc                                            [DEBUG  ]  File ignored by vep/vep_txt because it exceeded search pattern filesize limit: SRR2961601_fastqc.html
[2022-05-19 14:24:44,390] multiqc                                            [DEBUG  ]  File ignored by longranger/invocation because it exceeded search pattern filesize limit: SRR2961601_fastqc.html
[2022-05-19 14:24:44,390] multiqc                                            [DEBUG  ]  File ignored by rockhopper because it exceeded search pattern filesize limit: SRR2961601_fastqc.html
[2022-05-19 14:24:44,390] multiqc                                            [DEBUG  ]  File ignored by rseqc/bam_stat because it exceeded search pattern filesize limit: SRR2961601_fastqc.html
[2022-05-19 14:24:44,390] multiqc                                            [DEBUG  ]  File ignored by rseqc/junction_annotation because it exceeded search pattern filesize limit: SRR2961601_fastqc.html
[2022-05-19 14:24:44,390] multiqc                                            [DEBUG  ]  File ignored by rseqc/read_distribution because it exceeded search pattern filesize limit: SRR2961601_fastqc.html
[2022-05-19 14:24:44,390] multiqc                                            [DEBUG  ]  File ignored by rseqc/infer_experiment because it exceeded search pattern filesize limit: SRR2961601_fastqc.html
[2022-05-19 14:24:44,492] multiqc                                            [DEBUG  ]  File ignored by nanostat because it exceeded search pattern filesize limit: SRR2961601_fastqc.html
[2022-05-19 14:24:44,539] multiqc                                            [DEBUG  ]  File ignored by ccs/v4 because it exceeded search pattern filesize limit: SRR2961594_fastqc.html
[2022-05-19 14:24:44,544] multiqc                                            [DEBUG  ]  File ignored by hicexplorer because it exceeded search pattern filesize limit: SRR2961594_fastqc.html
[2022-05-19 14:24:44,544] multiqc                                            [DEBUG  ]  File ignored by lima/summary because it exceeded search pattern filesize limit: SRR2961594_fastqc.html
[2022-05-19 14:24:44,554] multiqc                                            [DEBUG  ]  File ignored by vep/vep_txt because it exceeded search pattern filesize limit: SRR2961594_fastqc.html
[2022-05-19 14:24:44,554] multiqc                                            [DEBUG  ]  File ignored by longranger/invocation because it exceeded search pattern filesize limit: SRR2961594_fastqc.html
[2022-05-19 14:24:44,554] multiqc                                            [DEBUG  ]  File ignored by rockhopper because it exceeded search pattern filesize limit: SRR2961594_fastqc.html
[2022-05-19 14:24:44,554] multiqc                                            [DEBUG  ]  File ignored by rseqc/bam_stat because it exceeded search pattern filesize limit: SRR2961594_fastqc.html
[2022-05-19 14:24:44,554] multiqc                                            [DEBUG  ]  File ignored by rseqc/junction_annotation because it exceeded search pattern filesize limit: SRR2961594_fastqc.html
[2022-05-19 14:24:44,554] multiqc                                            [DEBUG  ]  File ignored by rseqc/read_distribution because it exceeded search pattern filesize limit: SRR2961594_fastqc.html
[2022-05-19 14:24:44,554] multiqc                                            [DEBUG  ]  File ignored by rseqc/infer_experiment because it exceeded search pattern filesize limit: SRR2961594_fastqc.html
[2022-05-19 14:24:44,644] multiqc                                            [DEBUG  ]  File ignored by nanostat because it exceeded search pattern filesize limit: SRR2961594_fastqc.html
[2022-05-19 14:24:44,662] multiqc                                            [DEBUG  ]  File ignored by ccs/v4 because it exceeded search pattern filesize limit: SRR2961593_fastqc.html
[2022-05-19 14:24:44,666] multiqc                                            [DEBUG  ]  File ignored by hicexplorer because it exceeded search pattern filesize limit: SRR2961593_fastqc.html
[2022-05-19 14:24:44,667] multiqc                                            [DEBUG  ]  File ignored by lima/summary because it exceeded search pattern filesize limit: SRR2961593_fastqc.html
[2022-05-19 14:24:44,675] multiqc                                            [DEBUG  ]  File ignored by vep/vep_txt because it exceeded search pattern filesize limit: SRR2961593_fastqc.html
[2022-05-19 14:24:44,675] multiqc                                            [DEBUG  ]  File ignored by longranger/invocation because it exceeded search pattern filesize limit: SRR2961593_fastqc.html
[2022-05-19 14:24:44,675] multiqc                                            [DEBUG  ]  File ignored by rockhopper because it exceeded search pattern filesize limit: SRR2961593_fastqc.html
[2022-05-19 14:24:44,675] multiqc                                            [DEBUG  ]  File ignored by rseqc/bam_stat because it exceeded search pattern filesize limit: SRR2961593_fastqc.html
[2022-05-19 14:24:44,675] multiqc                                            [DEBUG  ]  File ignored by rseqc/junction_annotation because it exceeded search pattern filesize limit: SRR2961593_fastqc.html
[2022-05-19 14:24:44,675] multiqc                                            [DEBUG  ]  File ignored by rseqc/read_distribution because it exceeded search pattern filesize limit: SRR2961593_fastqc.html
[2022-05-19 14:24:44,675] multiqc                                            [DEBUG  ]  File ignored by rseqc/infer_experiment because it exceeded search pattern filesize limit: SRR2961593_fastqc.html
[2022-05-19 14:24:44,768] multiqc                                            [DEBUG  ]  File ignored by nanostat because it exceeded search pattern filesize limit: SRR2961593_fastqc.html
[2022-05-19 14:24:44,786] multiqc                                            [DEBUG  ]  File ignored by ccs/v4 because it exceeded search pattern filesize limit: SRR2961599_fastqc.html
[2022-05-19 14:24:44,790] multiqc                                            [DEBUG  ]  File ignored by hicexplorer because it exceeded search pattern filesize limit: SRR2961599_fastqc.html
[2022-05-19 14:24:44,791] multiqc                                            [DEBUG  ]  File ignored by lima/summary because it exceeded search pattern filesize limit: SRR2961599_fastqc.html
[2022-05-19 14:24:44,799] multiqc                                            [DEBUG  ]  File ignored by vep/vep_txt because it exceeded search pattern filesize limit: SRR2961599_fastqc.html
[2022-05-19 14:24:44,799] multiqc                                            [DEBUG  ]  File ignored by longranger/invocation because it exceeded search pattern filesize limit: SRR2961599_fastqc.html
[2022-05-19 14:24:44,799] multiqc                                            [DEBUG  ]  File ignored by rockhopper because it exceeded search pattern filesize limit: SRR2961599_fastqc.html
[2022-05-19 14:24:44,799] multiqc                                            [DEBUG  ]  File ignored by rseqc/bam_stat because it exceeded search pattern filesize limit: SRR2961599_fastqc.html
[2022-05-19 14:24:44,799] multiqc                                            [DEBUG  ]  File ignored by rseqc/junction_annotation because it exceeded search pattern filesize limit: SRR2961599_fastqc.html
[2022-05-19 14:24:44,799] multiqc                                            [DEBUG  ]  File ignored by rseqc/read_distribution because it exceeded search pattern filesize limit: SRR2961599_fastqc.html
[2022-05-19 14:24:44,799] multiqc                                            [DEBUG  ]  File ignored by rseqc/infer_experiment because it exceeded search pattern filesize limit: SRR2961599_fastqc.html
[2022-05-19 14:24:44,901] multiqc                                            [DEBUG  ]  File ignored by nanostat because it exceeded search pattern filesize limit: SRR2961599_fastqc.html
[2022-05-19 14:24:44,918] multiqc                                            [DEBUG  ]  File ignored by ccs/v4 because it exceeded search pattern filesize limit: SRR2961600_fastqc.html
[2022-05-19 14:24:44,922] multiqc                                            [DEBUG  ]  File ignored by hicexplorer because it exceeded search pattern filesize limit: SRR2961600_fastqc.html
[2022-05-19 14:24:44,923] multiqc                                            [DEBUG  ]  File ignored by lima/summary because it exceeded search pattern filesize limit: SRR2961600_fastqc.html
[2022-05-19 14:24:44,930] multiqc                                            [DEBUG  ]  File ignored by vep/vep_txt because it exceeded search pattern filesize limit: SRR2961600_fastqc.html
[2022-05-19 14:24:44,931] multiqc                                            [DEBUG  ]  File ignored by longranger/invocation because it exceeded search pattern filesize limit: SRR2961600_fastqc.html
[2022-05-19 14:24:44,931] multiqc                                            [DEBUG  ]  File ignored by rockhopper because it exceeded search pattern filesize limit: SRR2961600_fastqc.html
[2022-05-19 14:24:44,931] multiqc                                            [DEBUG  ]  File ignored by rseqc/bam_stat because it exceeded search pattern filesize limit: SRR2961600_fastqc.html
[2022-05-19 14:24:44,931] multiqc                                            [DEBUG  ]  File ignored by rseqc/junction_annotation because it exceeded search pattern filesize limit: SRR2961600_fastqc.html
[2022-05-19 14:24:44,931] multiqc                                            [DEBUG  ]  File ignored by rseqc/read_distribution because it exceeded search pattern filesize limit: SRR2961600_fastqc.html
[2022-05-19 14:24:44,931] multiqc                                            [DEBUG  ]  File ignored by rseqc/infer_experiment because it exceeded search pattern filesize limit: SRR2961600_fastqc.html
[2022-05-19 14:24:45,030] multiqc                                            [DEBUG  ]  File ignored by nanostat because it exceeded search pattern filesize limit: SRR2961600_fastqc.html
[2022-05-19 14:24:45,047] multiqc                                            [DEBUG  ]  File ignored by ccs/v4 because it exceeded search pattern filesize limit: SRR2961598_fastqc.html
[2022-05-19 14:24:45,051] multiqc                                            [DEBUG  ]  File ignored by hicexplorer because it exceeded search pattern filesize limit: SRR2961598_fastqc.html
[2022-05-19 14:24:45,052] multiqc                                            [DEBUG  ]  File ignored by lima/summary because it exceeded search pattern filesize limit: SRR2961598_fastqc.html
[2022-05-19 14:24:45,061] multiqc                                            [DEBUG  ]  File ignored by vep/vep_txt because it exceeded search pattern filesize limit: SRR2961598_fastqc.html
[2022-05-19 14:24:45,062] multiqc                                            [DEBUG  ]  File ignored by longranger/invocation because it exceeded search pattern filesize limit: SRR2961598_fastqc.html
[2022-05-19 14:24:45,062] multiqc                                            [DEBUG  ]  File ignored by rockhopper because it exceeded search pattern filesize limit: SRR2961598_fastqc.html
[2022-05-19 14:24:45,062] multiqc                                            [DEBUG  ]  File ignored by rseqc/bam_stat because it exceeded search pattern filesize limit: SRR2961598_fastqc.html
[2022-05-19 14:24:45,062] multiqc                                            [DEBUG  ]  File ignored by rseqc/junction_annotation because it exceeded search pattern filesize limit: SRR2961598_fastqc.html
[2022-05-19 14:24:45,062] multiqc                                            [DEBUG  ]  File ignored by rseqc/read_distribution because it exceeded search pattern filesize limit: SRR2961598_fastqc.html
[2022-05-19 14:24:45,062] multiqc                                            [DEBUG  ]  File ignored by rseqc/infer_experiment because it exceeded search pattern filesize limit: SRR2961598_fastqc.html
[2022-05-19 14:24:45,151] multiqc                                            [DEBUG  ]  File ignored by nanostat because it exceeded search pattern filesize limit: SRR2961598_fastqc.html
[2022-05-19 14:24:45,170] multiqc                                            [DEBUG  ]  File ignored by ccs/v4 because it exceeded search pattern filesize limit: SRR2961602_fastqc.html
[2022-05-19 14:24:45,175] multiqc                                            [DEBUG  ]  File ignored by hicexplorer because it exceeded search pattern filesize limit: SRR2961602_fastqc.html
[2022-05-19 14:24:45,175] multiqc                                            [DEBUG  ]  File ignored by lima/summary because it exceeded search pattern filesize limit: SRR2961602_fastqc.html
[2022-05-19 14:24:45,183] multiqc                                            [DEBUG  ]  File ignored by vep/vep_txt because it exceeded search pattern filesize limit: SRR2961602_fastqc.html
[2022-05-19 14:24:45,183] multiqc                                            [DEBUG  ]  File ignored by longranger/invocation because it exceeded search pattern filesize limit: SRR2961602_fastqc.html
[2022-05-19 14:24:45,183] multiqc                                            [DEBUG  ]  File ignored by rockhopper because it exceeded search pattern filesize limit: SRR2961602_fastqc.html
[2022-05-19 14:24:45,183] multiqc                                            [DEBUG  ]  File ignored by rseqc/bam_stat because it exceeded search pattern filesize limit: SRR2961602_fastqc.html
[2022-05-19 14:24:45,183] multiqc                                            [DEBUG  ]  File ignored by rseqc/junction_annotation because it exceeded search pattern filesize limit: SRR2961602_fastqc.html
[2022-05-19 14:24:45,184] multiqc                                            [DEBUG  ]  File ignored by rseqc/read_distribution because it exceeded search pattern filesize limit: SRR2961602_fastqc.html
[2022-05-19 14:24:45,184] multiqc                                            [DEBUG  ]  File ignored by rseqc/infer_experiment because it exceeded search pattern filesize limit: SRR2961602_fastqc.html
[2022-05-19 14:24:45,281] multiqc                                            [DEBUG  ]  File ignored by nanostat because it exceeded search pattern filesize limit: SRR2961602_fastqc.html
[2022-05-19 14:24:45,298] multiqc                                            [DEBUG  ]  File ignored by ccs/v4 because it exceeded search pattern filesize limit: SRR2961597_fastqc.html
[2022-05-19 14:24:45,303] multiqc                                            [DEBUG  ]  File ignored by hicexplorer because it exceeded search pattern filesize limit: SRR2961597_fastqc.html
[2022-05-19 14:24:45,303] multiqc                                            [DEBUG  ]  File ignored by lima/summary because it exceeded search pattern filesize limit: SRR2961597_fastqc.html
[2022-05-19 14:24:45,311] multiqc                                            [DEBUG  ]  File ignored by vep/vep_txt because it exceeded search pattern filesize limit: SRR2961597_fastqc.html
[2022-05-19 14:24:45,311] multiqc                                            [DEBUG  ]  File ignored by longranger/invocation because it exceeded search pattern filesize limit: SRR2961597_fastqc.html
[2022-05-19 14:24:45,311] multiqc                                            [DEBUG  ]  File ignored by rockhopper because it exceeded search pattern filesize limit: SRR2961597_fastqc.html
[2022-05-19 14:24:45,311] multiqc                                            [DEBUG  ]  File ignored by rseqc/bam_stat because it exceeded search pattern filesize limit: SRR2961597_fastqc.html
[2022-05-19 14:24:45,311] multiqc                                            [DEBUG  ]  File ignored by rseqc/junction_annotation because it exceeded search pattern filesize limit: SRR2961597_fastqc.html
[2022-05-19 14:24:45,312] multiqc                                            [DEBUG  ]  File ignored by rseqc/read_distribution because it exceeded search pattern filesize limit: SRR2961597_fastqc.html
[2022-05-19 14:24:45,312] multiqc                                            [DEBUG  ]  File ignored by rseqc/infer_experiment because it exceeded search pattern filesize limit: SRR2961597_fastqc.html
[2022-05-19 14:24:45,402] multiqc                                            [DEBUG  ]  File ignored by nanostat because it exceeded search pattern filesize limit: SRR2961597_fastqc.html
[2022-05-19 14:24:50,105] multiqc.plots.linegraph                            [DEBUG  ]  Using matplotlib version 3.5.2
[2022-05-19 14:24:50,109] multiqc.plots.bargraph                             [DEBUG  ]  Using matplotlib version 3.5.2
[2022-05-19 14:24:50,668] multiqc.modules.fastqc.fastqc                      [INFO   ]  Found 8 reports
[2022-05-19 14:24:50,799] multiqc                                            [INFO   ]  Compressing plot data
[2022-05-19 14:24:50,922] multiqc                                            [INFO   ]  Report      : fastqc/multiqc_report.html
[2022-05-19 14:24:50,923] multiqc                                            [INFO   ]  Data        : fastqc/multiqc_data
[2022-05-19 14:24:50,923] multiqc                                            [DEBUG  ]  Moving data file from '/scratch/4530557.sched-torque.pace.gatech.edu/tmpk5zput3y/multiqc_data' to './fastqc/multiqc_data'
[2022-05-19 14:24:51,751] multiqc                                            [INFO   ]  MultiQC complete
