[2022-05-19 16:32:04,877] multiqc                                            [DEBUG  ]  This is MultiQC v1.12
[2022-05-19 16:32:04,877] multiqc                                            [DEBUG  ]  No MultiQC config found: /storage/coda1/p-yfan32/0/abangaru3/.conda/envs/my_base/envs/assembly/lib/python3.10/site-packages/multiqc_config.yaml
[2022-05-19 16:32:04,877] multiqc                                            [DEBUG  ]  No MultiQC config found: /storage/home/hcoda1/3/abangaru3/.multiqc_config.yaml
[2022-05-19 16:32:04,877] multiqc                                            [DEBUG  ]  No MultiQC config found: multiqc_config.yaml
[2022-05-19 16:32:04,877] multiqc                                            [DEBUG  ]  Command used: /storage/home/hcoda1/3/abangaru3/.conda/envs/my_base/envs/assembly/bin/multiqc ./fastqc/trimmed/ -o ./fastqc/trimmed/
[2022-05-19 16:32:05,503] multiqc                                            [DEBUG  ]  Latest MultiQC version is v1.12
[2022-05-19 16:32:05,503] multiqc                                            [DEBUG  ]  Command     : /storage/home/hcoda1/3/abangaru3/.conda/envs/my_base/envs/assembly/bin/multiqc ./fastqc/trimmed/ -o ./fastqc/trimmed/
[2022-05-19 16:32:05,503] multiqc                                            [DEBUG  ]  Working dir : /storage/coda1/p-yfan32/0/abangaru3/cssq/fanLab-DB-H3K4Me3-H1_TKOvsWT-ESC-CSSQ
[2022-05-19 16:32:05,503] multiqc                                            [DEBUG  ]  Template    : default
[2022-05-19 16:32:05,503] multiqc                                            [DEBUG  ]  Running Python 3.10.4 | packaged by conda-forge | (main, Mar 24 2022, 17:39:04) [GCC 10.3.0]
[2022-05-19 16:32:05,504] multiqc                                            [DEBUG  ]  Analysing modules: custom_content, ccs, ngsderive, purple, conpair, lima, peddy, somalier, methylQA, mosdepth, phantompeakqualtools, qualimap, preseq, quast, qorts, rna_seqc, rockhopper, rsem, rseqc, busco, bustools, goleft_indexcov, gffcompare, disambiguate, supernova, deeptools, sargasso, verifybamid, mirtrace, happy, mirtop, sambamba, homer, hops, macs2, theta2, snpeff, gatk, htseq, bcftools, featureCounts, fgbio, dragen, dedup, pbmarkdup, damageprofiler, biobambam2, jcvi, mtnucratio, picard, vep, sentieon, prokka, qc3C, nanostat, samblaster, samtools, sexdeterrmine, eigenstratdatabasetools, bamtools, jellyfish, vcftools, longranger, stacks, varscan2, snippy, bbmap, bismark, biscuit, hicexplorer, hicup, hicpro, salmon, kallisto, slamdunk, star, hisat2, tophat, bowtie2, bowtie1, snpsplit, odgi, pangolin, kat, leehom, adapterRemoval, clipandmerge, cutadapt, flexbar, kaiju, kraken, malt, trimmomatic, sickle, skewer, sortmerna, biobloomtools, fastq_screen, afterqc, fastp, fastqc, pychopper, pycoqc, minionqc, multivcfanalyzer, clusterflow, checkqc, bcl2fastq, bclconvert, interop, ivar, flash, seqyclean, optitype, whatshap
[2022-05-19 16:32:05,504] multiqc                                            [DEBUG  ]  Using temporary directory for creating report: /scratch/4530557.sched-torque.pace.gatech.edu/tmpnl9yn7f5
[2022-05-19 16:32:05,884] multiqc                                            [INFO   ]  Search path : /storage/coda1/p-yfan32/0/abangaru3/cssq/fanLab-DB-H3K4Me3-H1_TKOvsWT-ESC-CSSQ/fastqc/trimmed
[2022-05-19 16:32:05,992] multiqc                                            [DEBUG  ]  File ignored by ccs/v4 because it exceeded search pattern filesize limit: SRR2961602_trimmed_fastqc.html
[2022-05-19 16:32:05,997] multiqc                                            [DEBUG  ]  File ignored by hicexplorer because it exceeded search pattern filesize limit: SRR2961602_trimmed_fastqc.html
[2022-05-19 16:32:05,997] multiqc                                            [DEBUG  ]  File ignored by lima/summary because it exceeded search pattern filesize limit: SRR2961602_trimmed_fastqc.html
[2022-05-19 16:32:06,006] multiqc                                            [DEBUG  ]  File ignored by vep/vep_txt because it exceeded search pattern filesize limit: SRR2961602_trimmed_fastqc.html
[2022-05-19 16:32:06,006] multiqc                                            [DEBUG  ]  File ignored by longranger/invocation because it exceeded search pattern filesize limit: SRR2961602_trimmed_fastqc.html
[2022-05-19 16:32:06,007] multiqc                                            [DEBUG  ]  File ignored by rockhopper because it exceeded search pattern filesize limit: SRR2961602_trimmed_fastqc.html
[2022-05-19 16:32:06,007] multiqc                                            [DEBUG  ]  File ignored by rseqc/bam_stat because it exceeded search pattern filesize limit: SRR2961602_trimmed_fastqc.html
[2022-05-19 16:32:06,007] multiqc                                            [DEBUG  ]  File ignored by rseqc/junction_annotation because it exceeded search pattern filesize limit: SRR2961602_trimmed_fastqc.html
[2022-05-19 16:32:06,007] multiqc                                            [DEBUG  ]  File ignored by rseqc/read_distribution because it exceeded search pattern filesize limit: SRR2961602_trimmed_fastqc.html
[2022-05-19 16:32:06,007] multiqc                                            [DEBUG  ]  File ignored by rseqc/infer_experiment because it exceeded search pattern filesize limit: SRR2961602_trimmed_fastqc.html
[2022-05-19 16:32:06,101] multiqc                                            [DEBUG  ]  File ignored by nanostat because it exceeded search pattern filesize limit: SRR2961602_trimmed_fastqc.html
[2022-05-19 16:32:06,186] multiqc                                            [DEBUG  ]  File ignored by ccs/v4 because it exceeded search pattern filesize limit: SRR2961593_trimmed_fastqc.html
[2022-05-19 16:32:06,190] multiqc                                            [DEBUG  ]  File ignored by hicexplorer because it exceeded search pattern filesize limit: SRR2961593_trimmed_fastqc.html
[2022-05-19 16:32:06,191] multiqc                                            [DEBUG  ]  File ignored by lima/summary because it exceeded search pattern filesize limit: SRR2961593_trimmed_fastqc.html
[2022-05-19 16:32:06,199] multiqc                                            [DEBUG  ]  File ignored by vep/vep_txt because it exceeded search pattern filesize limit: SRR2961593_trimmed_fastqc.html
[2022-05-19 16:32:06,199] multiqc                                            [DEBUG  ]  File ignored by longranger/invocation because it exceeded search pattern filesize limit: SRR2961593_trimmed_fastqc.html
[2022-05-19 16:32:06,199] multiqc                                            [DEBUG  ]  File ignored by rockhopper because it exceeded search pattern filesize limit: SRR2961593_trimmed_fastqc.html
[2022-05-19 16:32:06,199] multiqc                                            [DEBUG  ]  File ignored by rseqc/bam_stat because it exceeded search pattern filesize limit: SRR2961593_trimmed_fastqc.html
[2022-05-19 16:32:06,199] multiqc                                            [DEBUG  ]  File ignored by rseqc/junction_annotation because it exceeded search pattern filesize limit: SRR2961593_trimmed_fastqc.html
[2022-05-19 16:32:06,199] multiqc                                            [DEBUG  ]  File ignored by rseqc/read_distribution because it exceeded search pattern filesize limit: SRR2961593_trimmed_fastqc.html
[2022-05-19 16:32:06,199] multiqc                                            [DEBUG  ]  File ignored by rseqc/infer_experiment because it exceeded search pattern filesize limit: SRR2961593_trimmed_fastqc.html
[2022-05-19 16:32:06,289] multiqc                                            [DEBUG  ]  File ignored by nanostat because it exceeded search pattern filesize limit: SRR2961593_trimmed_fastqc.html
[2022-05-19 16:32:06,338] multiqc                                            [DEBUG  ]  File ignored by ccs/v4 because it exceeded search pattern filesize limit: SRR2961600_trimmed_fastqc.html
[2022-05-19 16:32:06,342] multiqc                                            [DEBUG  ]  File ignored by hicexplorer because it exceeded search pattern filesize limit: SRR2961600_trimmed_fastqc.html
[2022-05-19 16:32:06,343] multiqc                                            [DEBUG  ]  File ignored by lima/summary because it exceeded search pattern filesize limit: SRR2961600_trimmed_fastqc.html
[2022-05-19 16:32:06,350] multiqc                                            [DEBUG  ]  File ignored by vep/vep_txt because it exceeded search pattern filesize limit: SRR2961600_trimmed_fastqc.html
[2022-05-19 16:32:06,351] multiqc                                            [DEBUG  ]  File ignored by longranger/invocation because it exceeded search pattern filesize limit: SRR2961600_trimmed_fastqc.html
[2022-05-19 16:32:06,351] multiqc                                            [DEBUG  ]  File ignored by rockhopper because it exceeded search pattern filesize limit: SRR2961600_trimmed_fastqc.html
[2022-05-19 16:32:06,351] multiqc                                            [DEBUG  ]  File ignored by rseqc/bam_stat because it exceeded search pattern filesize limit: SRR2961600_trimmed_fastqc.html
[2022-05-19 16:32:06,351] multiqc                                            [DEBUG  ]  File ignored by rseqc/junction_annotation because it exceeded search pattern filesize limit: SRR2961600_trimmed_fastqc.html
[2022-05-19 16:32:06,351] multiqc                                            [DEBUG  ]  File ignored by rseqc/read_distribution because it exceeded search pattern filesize limit: SRR2961600_trimmed_fastqc.html
[2022-05-19 16:32:06,351] multiqc                                            [DEBUG  ]  File ignored by rseqc/infer_experiment because it exceeded search pattern filesize limit: SRR2961600_trimmed_fastqc.html
[2022-05-19 16:32:06,442] multiqc                                            [DEBUG  ]  File ignored by nanostat because it exceeded search pattern filesize limit: SRR2961600_trimmed_fastqc.html
[2022-05-19 16:32:06,492] multiqc                                            [DEBUG  ]  File ignored by ccs/v4 because it exceeded search pattern filesize limit: SRR2961597_trimmed_fastqc.html
[2022-05-19 16:32:06,496] multiqc                                            [DEBUG  ]  File ignored by hicexplorer because it exceeded search pattern filesize limit: SRR2961597_trimmed_fastqc.html
[2022-05-19 16:32:06,496] multiqc                                            [DEBUG  ]  File ignored by lima/summary because it exceeded search pattern filesize limit: SRR2961597_trimmed_fastqc.html
[2022-05-19 16:32:06,504] multiqc                                            [DEBUG  ]  File ignored by vep/vep_txt because it exceeded search pattern filesize limit: SRR2961597_trimmed_fastqc.html
[2022-05-19 16:32:06,505] multiqc                                            [DEBUG  ]  File ignored by longranger/invocation because it exceeded search pattern filesize limit: SRR2961597_trimmed_fastqc.html
[2022-05-19 16:32:06,505] multiqc                                            [DEBUG  ]  File ignored by rockhopper because it exceeded search pattern filesize limit: SRR2961597_trimmed_fastqc.html
[2022-05-19 16:32:06,505] multiqc                                            [DEBUG  ]  File ignored by rseqc/bam_stat because it exceeded search pattern filesize limit: SRR2961597_trimmed_fastqc.html
[2022-05-19 16:32:06,505] multiqc                                            [DEBUG  ]  File ignored by rseqc/junction_annotation because it exceeded search pattern filesize limit: SRR2961597_trimmed_fastqc.html
[2022-05-19 16:32:06,505] multiqc                                            [DEBUG  ]  File ignored by rseqc/read_distribution because it exceeded search pattern filesize limit: SRR2961597_trimmed_fastqc.html
[2022-05-19 16:32:06,505] multiqc                                            [DEBUG  ]  File ignored by rseqc/infer_experiment because it exceeded search pattern filesize limit: SRR2961597_trimmed_fastqc.html
[2022-05-19 16:32:06,596] multiqc                                            [DEBUG  ]  File ignored by nanostat because it exceeded search pattern filesize limit: SRR2961597_trimmed_fastqc.html
[2022-05-19 16:32:06,648] multiqc                                            [DEBUG  ]  File ignored by ccs/v4 because it exceeded search pattern filesize limit: SRR2961594_trimmed_fastqc.html
[2022-05-19 16:32:06,652] multiqc                                            [DEBUG  ]  File ignored by hicexplorer because it exceeded search pattern filesize limit: SRR2961594_trimmed_fastqc.html
[2022-05-19 16:32:06,653] multiqc                                            [DEBUG  ]  File ignored by lima/summary because it exceeded search pattern filesize limit: SRR2961594_trimmed_fastqc.html
[2022-05-19 16:32:06,661] multiqc                                            [DEBUG  ]  File ignored by vep/vep_txt because it exceeded search pattern filesize limit: SRR2961594_trimmed_fastqc.html
[2022-05-19 16:32:06,661] multiqc                                            [DEBUG  ]  File ignored by longranger/invocation because it exceeded search pattern filesize limit: SRR2961594_trimmed_fastqc.html
[2022-05-19 16:32:06,661] multiqc                                            [DEBUG  ]  File ignored by rockhopper because it exceeded search pattern filesize limit: SRR2961594_trimmed_fastqc.html
[2022-05-19 16:32:06,661] multiqc                                            [DEBUG  ]  File ignored by rseqc/bam_stat because it exceeded search pattern filesize limit: SRR2961594_trimmed_fastqc.html
[2022-05-19 16:32:06,661] multiqc                                            [DEBUG  ]  File ignored by rseqc/junction_annotation because it exceeded search pattern filesize limit: SRR2961594_trimmed_fastqc.html
[2022-05-19 16:32:06,661] multiqc                                            [DEBUG  ]  File ignored by rseqc/read_distribution because it exceeded search pattern filesize limit: SRR2961594_trimmed_fastqc.html
[2022-05-19 16:32:06,661] multiqc                                            [DEBUG  ]  File ignored by rseqc/infer_experiment because it exceeded search pattern filesize limit: SRR2961594_trimmed_fastqc.html
[2022-05-19 16:32:06,752] multiqc                                            [DEBUG  ]  File ignored by nanostat because it exceeded search pattern filesize limit: SRR2961594_trimmed_fastqc.html
[2022-05-19 16:32:06,814] multiqc                                            [DEBUG  ]  File ignored by ccs/v4 because it exceeded search pattern filesize limit: SRR2961598_trimmed_fastqc.html
[2022-05-19 16:32:06,818] multiqc                                            [DEBUG  ]  File ignored by hicexplorer because it exceeded search pattern filesize limit: SRR2961598_trimmed_fastqc.html
[2022-05-19 16:32:06,819] multiqc                                            [DEBUG  ]  File ignored by lima/summary because it exceeded search pattern filesize limit: SRR2961598_trimmed_fastqc.html
[2022-05-19 16:32:06,827] multiqc                                            [DEBUG  ]  File ignored by vep/vep_txt because it exceeded search pattern filesize limit: SRR2961598_trimmed_fastqc.html
[2022-05-19 16:32:06,827] multiqc                                            [DEBUG  ]  File ignored by longranger/invocation because it exceeded search pattern filesize limit: SRR2961598_trimmed_fastqc.html
[2022-05-19 16:32:06,827] multiqc                                            [DEBUG  ]  File ignored by rockhopper because it exceeded search pattern filesize limit: SRR2961598_trimmed_fastqc.html
[2022-05-19 16:32:06,827] multiqc                                            [DEBUG  ]  File ignored by rseqc/bam_stat because it exceeded search pattern filesize limit: SRR2961598_trimmed_fastqc.html
[2022-05-19 16:32:06,827] multiqc                                            [DEBUG  ]  File ignored by rseqc/junction_annotation because it exceeded search pattern filesize limit: SRR2961598_trimmed_fastqc.html
[2022-05-19 16:32:06,827] multiqc                                            [DEBUG  ]  File ignored by rseqc/read_distribution because it exceeded search pattern filesize limit: SRR2961598_trimmed_fastqc.html
[2022-05-19 16:32:06,827] multiqc                                            [DEBUG  ]  File ignored by rseqc/infer_experiment because it exceeded search pattern filesize limit: SRR2961598_trimmed_fastqc.html
[2022-05-19 16:32:06,918] multiqc                                            [DEBUG  ]  File ignored by nanostat because it exceeded search pattern filesize limit: SRR2961598_trimmed_fastqc.html
[2022-05-19 16:32:06,973] multiqc                                            [DEBUG  ]  File ignored by ccs/v4 because it exceeded search pattern filesize limit: SRR2961599_trimmed_fastqc.html
[2022-05-19 16:32:06,977] multiqc                                            [DEBUG  ]  File ignored by hicexplorer because it exceeded search pattern filesize limit: SRR2961599_trimmed_fastqc.html
[2022-05-19 16:32:06,978] multiqc                                            [DEBUG  ]  File ignored by lima/summary because it exceeded search pattern filesize limit: SRR2961599_trimmed_fastqc.html
[2022-05-19 16:32:06,986] multiqc                                            [DEBUG  ]  File ignored by vep/vep_txt because it exceeded search pattern filesize limit: SRR2961599_trimmed_fastqc.html
[2022-05-19 16:32:06,986] multiqc                                            [DEBUG  ]  File ignored by longranger/invocation because it exceeded search pattern filesize limit: SRR2961599_trimmed_fastqc.html
[2022-05-19 16:32:06,986] multiqc                                            [DEBUG  ]  File ignored by rockhopper because it exceeded search pattern filesize limit: SRR2961599_trimmed_fastqc.html
[2022-05-19 16:32:06,986] multiqc                                            [DEBUG  ]  File ignored by rseqc/bam_stat because it exceeded search pattern filesize limit: SRR2961599_trimmed_fastqc.html
[2022-05-19 16:32:06,986] multiqc                                            [DEBUG  ]  File ignored by rseqc/junction_annotation because it exceeded search pattern filesize limit: SRR2961599_trimmed_fastqc.html
[2022-05-19 16:32:06,986] multiqc                                            [DEBUG  ]  File ignored by rseqc/read_distribution because it exceeded search pattern filesize limit: SRR2961599_trimmed_fastqc.html
[2022-05-19 16:32:06,986] multiqc                                            [DEBUG  ]  File ignored by rseqc/infer_experiment because it exceeded search pattern filesize limit: SRR2961599_trimmed_fastqc.html
[2022-05-19 16:32:07,078] multiqc                                            [DEBUG  ]  File ignored by nanostat because it exceeded search pattern filesize limit: SRR2961599_trimmed_fastqc.html
[2022-05-19 16:32:07,116] multiqc                                            [DEBUG  ]  File ignored by ccs/v4 because it exceeded search pattern filesize limit: SRR2961601_trimmed_fastqc.html
[2022-05-19 16:32:07,120] multiqc                                            [DEBUG  ]  File ignored by hicexplorer because it exceeded search pattern filesize limit: SRR2961601_trimmed_fastqc.html
[2022-05-19 16:32:07,120] multiqc                                            [DEBUG  ]  File ignored by lima/summary because it exceeded search pattern filesize limit: SRR2961601_trimmed_fastqc.html
[2022-05-19 16:32:07,128] multiqc                                            [DEBUG  ]  File ignored by vep/vep_txt because it exceeded search pattern filesize limit: SRR2961601_trimmed_fastqc.html
[2022-05-19 16:32:07,129] multiqc                                            [DEBUG  ]  File ignored by longranger/invocation because it exceeded search pattern filesize limit: SRR2961601_trimmed_fastqc.html
[2022-05-19 16:32:07,129] multiqc                                            [DEBUG  ]  File ignored by rockhopper because it exceeded search pattern filesize limit: SRR2961601_trimmed_fastqc.html
[2022-05-19 16:32:07,129] multiqc                                            [DEBUG  ]  File ignored by rseqc/bam_stat because it exceeded search pattern filesize limit: SRR2961601_trimmed_fastqc.html
[2022-05-19 16:32:07,129] multiqc                                            [DEBUG  ]  File ignored by rseqc/junction_annotation because it exceeded search pattern filesize limit: SRR2961601_trimmed_fastqc.html
[2022-05-19 16:32:07,129] multiqc                                            [DEBUG  ]  File ignored by rseqc/read_distribution because it exceeded search pattern filesize limit: SRR2961601_trimmed_fastqc.html
[2022-05-19 16:32:07,129] multiqc                                            [DEBUG  ]  File ignored by rseqc/infer_experiment because it exceeded search pattern filesize limit: SRR2961601_trimmed_fastqc.html
[2022-05-19 16:32:07,223] multiqc                                            [DEBUG  ]  File ignored by nanostat because it exceeded search pattern filesize limit: SRR2961601_trimmed_fastqc.html
[2022-05-19 16:32:09,649] multiqc.plots.linegraph                            [DEBUG  ]  Using matplotlib version 3.5.2
[2022-05-19 16:32:09,650] multiqc.plots.bargraph                             [DEBUG  ]  Using matplotlib version 3.5.2
[2022-05-19 16:32:10,108] multiqc.modules.fastqc.fastqc                      [INFO   ]  Found 8 reports
[2022-05-19 16:32:10,230] multiqc                                            [INFO   ]  Compressing plot data
[2022-05-19 16:32:10,341] multiqc                                            [INFO   ]  Report      : fastqc/trimmed/multiqc_report.html
[2022-05-19 16:32:10,341] multiqc                                            [INFO   ]  Data        : fastqc/trimmed/multiqc_data
[2022-05-19 16:32:10,341] multiqc                                            [DEBUG  ]  Moving data file from '/scratch/4530557.sched-torque.pace.gatech.edu/tmpnl9yn7f5/multiqc_data' to './fastqc/trimmed/multiqc_data'
[2022-05-19 16:32:10,684] multiqc                                            [INFO   ]  MultiQC complete
